     1                                 %line 389+1 /home/seyfarth/ebe/ebe.inc
     2                                 
     3                                 %line 479+1 /home/seyfarth/ebe/ebe.inc
     4                                 
     5                                 
     6                                 
     7                                 
     8                                 %line 493+1 /home/seyfarth/ebe/ebe.inc
     9                                 
    10                                 
    11                                 
    12                                 
    13                                 
    14                                 
    15                                 
    16                                 
    17                                 
    18                                 
    19                                 %line 510+1 /home/seyfarth/ebe/ebe.inc
    20                                 local1 equ -8*1
    21                                 %line 510+0 /home/seyfarth/ebe/ebe.inc
    22                                 local2 equ -8*2
    23                                 local3 equ -8*3
    24                                 local4 equ -8*4
    25                                 local5 equ -8*5
    26                                 local6 equ -8*6
    27                                 local7 equ -8*7
    28                                 local8 equ -8*8
    29                                 local9 equ -8*9
    30                                 local10 equ -8*10
    31                                 local11 equ -8*11
    32                                 local12 equ -8*12
    33                                 local13 equ -8*13
    34                                 local14 equ -8*14
    35                                 local15 equ -8*15
    36                                 local16 equ -8*16
    37                                 local17 equ -8*17
    38                                 local18 equ -8*18
    39                                 local19 equ -8*19
    40                                 local20 equ -8*20
    41                                 local21 equ -8*21
    42                                 local22 equ -8*22
    43                                 local23 equ -8*23
    44                                 local24 equ -8*24
    45                                 local25 equ -8*25
    46                                 local26 equ -8*26
    47                                 local27 equ -8*27
    48                                 local28 equ -8*28
    49                                 local29 equ -8*29
    50                                 local30 equ -8*30
    51                                 local31 equ -8*31
    52                                 local32 equ -8*32
    53                                 local33 equ -8*33
    54                                 local34 equ -8*34
    55                                 local35 equ -8*35
    56                                 local36 equ -8*36
    57                                 local37 equ -8*37
    58                                 local38 equ -8*38
    59                                 local39 equ -8*39
    60                                 local40 equ -8*40
    61                                 local41 equ -8*41
    62                                 local42 equ -8*42
    63                                 local43 equ -8*43
    64                                 local44 equ -8*44
    65                                 local45 equ -8*45
    66                                 local46 equ -8*46
    67                                 local47 equ -8*47
    68                                 local48 equ -8*48
    69                                 local49 equ -8*49
    70                                 local50 equ -8*50
    71                                 local51 equ -8*51
    72                                 local52 equ -8*52
    73                                 local53 equ -8*53
    74                                 local54 equ -8*54
    75                                 local55 equ -8*55
    76                                 local56 equ -8*56
    77                                 local57 equ -8*57
    78                                 local58 equ -8*58
    79                                 local59 equ -8*59
    80                                 local60 equ -8*60
    81                                 local61 equ -8*61
    82                                 local62 equ -8*62
    83                                 local63 equ -8*63
    84                                 local64 equ -8*64
    85                                 local65 equ -8*65
    86                                 local66 equ -8*66
    87                                 local67 equ -8*67
    88                                 local68 equ -8*68
    89                                 local69 equ -8*69
    90                                 local70 equ -8*70
    91                                 local71 equ -8*71
    92                                 local72 equ -8*72
    93                                 local73 equ -8*73
    94                                 local74 equ -8*74
    95                                 local75 equ -8*75
    96                                 local76 equ -8*76
    97                                 local77 equ -8*77
    98                                 local78 equ -8*78
    99                                 local79 equ -8*79
   100                                 local80 equ -8*80
   101                                 local81 equ -8*81
   102                                 local82 equ -8*82
   103                                 local83 equ -8*83
   104                                 local84 equ -8*84
   105                                 local85 equ -8*85
   106                                 local86 equ -8*86
   107                                 local87 equ -8*87
   108                                 local88 equ -8*88
   109                                 local89 equ -8*89
   110                                 local90 equ -8*90
   111                                 local91 equ -8*91
   112                                 local92 equ -8*92
   113                                 local93 equ -8*93
   114                                 local94 equ -8*94
   115                                 local95 equ -8*95
   116                                 local96 equ -8*96
   117                                 local97 equ -8*97
   118                                 local98 equ -8*98
   119                                 local99 equ -8*99
   120                                 local100 equ -8*100
   121                                 %line 512+1 /home/seyfarth/ebe/ebe.inc
   122                                 
   123                                 
   124                                 
   125                                 
   126                                 
   127                                 
   128                                 
   129                                 
   130                                 
   131                                 
   132                                 
   133                                 %line 530+1 /home/seyfarth/ebe/ebe.inc
   134                                 newPar7 equ 8*(7-7)
   135                                 %line 530+0 /home/seyfarth/ebe/ebe.inc
   136                                 newPar8 equ 8*(8-7)
   137                                 newPar9 equ 8*(9-7)
   138                                 newPar10 equ 8*(10-7)
   139                                 newPar11 equ 8*(11-7)
   140                                 newPar12 equ 8*(12-7)
   141                                 newPar13 equ 8*(13-7)
   142                                 newPar14 equ 8*(14-7)
   143                                 newPar15 equ 8*(15-7)
   144                                 newPar16 equ 8*(16-7)
   145                                 newPar17 equ 8*(17-7)
   146                                 newPar18 equ 8*(18-7)
   147                                 newPar19 equ 8*(19-7)
   148                                 newPar20 equ 8*(20-7)
   149                                 newPar21 equ 8*(21-7)
   150                                 newPar22 equ 8*(22-7)
   151                                 newPar23 equ 8*(23-7)
   152                                 newPar24 equ 8*(24-7)
   153                                 newPar25 equ 8*(25-7)
   154                                 newPar26 equ 8*(26-7)
   155                                 newPar27 equ 8*(27-7)
   156                                 newPar28 equ 8*(28-7)
   157                                 newPar29 equ 8*(29-7)
   158                                 newPar30 equ 8*(30-7)
   159                                 newPar31 equ 8*(31-7)
   160                                 newPar32 equ 8*(32-7)
   161                                 newPar33 equ 8*(33-7)
   162                                 newPar34 equ 8*(34-7)
   163                                 newPar35 equ 8*(35-7)
   164                                 newPar36 equ 8*(36-7)
   165                                 newPar37 equ 8*(37-7)
   166                                 newPar38 equ 8*(38-7)
   167                                 newPar39 equ 8*(39-7)
   168                                 newPar40 equ 8*(40-7)
   169                                 newPar41 equ 8*(41-7)
   170                                 newPar42 equ 8*(42-7)
   171                                 newPar43 equ 8*(43-7)
   172                                 newPar44 equ 8*(44-7)
   173                                 newPar45 equ 8*(45-7)
   174                                 newPar46 equ 8*(46-7)
   175                                 newPar47 equ 8*(47-7)
   176                                 newPar48 equ 8*(48-7)
   177                                 newPar49 equ 8*(49-7)
   178                                 newPar50 equ 8*(50-7)
   179                                 newPar51 equ 8*(51-7)
   180                                 newPar52 equ 8*(52-7)
   181                                 newPar53 equ 8*(53-7)
   182                                 newPar54 equ 8*(54-7)
   183                                 newPar55 equ 8*(55-7)
   184                                 newPar56 equ 8*(56-7)
   185                                 newPar57 equ 8*(57-7)
   186                                 newPar58 equ 8*(58-7)
   187                                 newPar59 equ 8*(59-7)
   188                                 newPar60 equ 8*(60-7)
   189                                 newPar61 equ 8*(61-7)
   190                                 newPar62 equ 8*(62-7)
   191                                 newPar63 equ 8*(63-7)
   192                                 newPar64 equ 8*(64-7)
   193                                 newPar65 equ 8*(65-7)
   194                                 newPar66 equ 8*(66-7)
   195                                 newPar67 equ 8*(67-7)
   196                                 newPar68 equ 8*(68-7)
   197                                 newPar69 equ 8*(69-7)
   198                                 newPar70 equ 8*(70-7)
   199                                 newPar71 equ 8*(71-7)
   200                                 newPar72 equ 8*(72-7)
   201                                 newPar73 equ 8*(73-7)
   202                                 newPar74 equ 8*(74-7)
   203                                 newPar75 equ 8*(75-7)
   204                                 newPar76 equ 8*(76-7)
   205                                 newPar77 equ 8*(77-7)
   206                                 newPar78 equ 8*(78-7)
   207                                 newPar79 equ 8*(79-7)
   208                                 newPar80 equ 8*(80-7)
   209                                 newPar81 equ 8*(81-7)
   210                                 newPar82 equ 8*(82-7)
   211                                 newPar83 equ 8*(83-7)
   212                                 newPar84 equ 8*(84-7)
   213                                 newPar85 equ 8*(85-7)
   214                                 newPar86 equ 8*(86-7)
   215                                 newPar87 equ 8*(87-7)
   216                                 newPar88 equ 8*(88-7)
   217                                 newPar89 equ 8*(89-7)
   218                                 newPar90 equ 8*(90-7)
   219                                 newPar91 equ 8*(91-7)
   220                                 newPar92 equ 8*(92-7)
   221                                 newPar93 equ 8*(93-7)
   222                                 newPar94 equ 8*(94-7)
   223                                 newPar95 equ 8*(95-7)
   224                                 newPar96 equ 8*(96-7)
   225                                 newPar97 equ 8*(97-7)
   226                                 newPar98 equ 8*(98-7)
   227                                 newPar99 equ 8*(99-7)
   228                                 newPar100 equ 8*(100-7)
   229                                 %line 532+1 /home/seyfarth/ebe/ebe.inc
   230                                 
   231                                 
   232                                 
   233                                 
   234                                 
   235                                 
   236                                 
   237                                 
   238                                 
   239                                 
   240                                 
   241                                 %line 546+1 /home/seyfarth/ebe/ebe.inc
   242                                 
   243                                 %line 551+1 /home/seyfarth/ebe/ebe.inc
   244                                 currPar7 equ 16+8*(7-7)
   245                                 %line 551+0 /home/seyfarth/ebe/ebe.inc
   246                                 currPar8 equ 16+8*(8-7)
   247                                 currPar9 equ 16+8*(9-7)
   248                                 currPar10 equ 16+8*(10-7)
   249                                 currPar11 equ 16+8*(11-7)
   250                                 currPar12 equ 16+8*(12-7)
   251                                 currPar13 equ 16+8*(13-7)
   252                                 currPar14 equ 16+8*(14-7)
   253                                 currPar15 equ 16+8*(15-7)
   254                                 currPar16 equ 16+8*(16-7)
   255                                 currPar17 equ 16+8*(17-7)
   256                                 currPar18 equ 16+8*(18-7)
   257                                 currPar19 equ 16+8*(19-7)
   258                                 currPar20 equ 16+8*(20-7)
   259                                 currPar21 equ 16+8*(21-7)
   260                                 currPar22 equ 16+8*(22-7)
   261                                 currPar23 equ 16+8*(23-7)
   262                                 currPar24 equ 16+8*(24-7)
   263                                 currPar25 equ 16+8*(25-7)
   264                                 currPar26 equ 16+8*(26-7)
   265                                 currPar27 equ 16+8*(27-7)
   266                                 currPar28 equ 16+8*(28-7)
   267                                 currPar29 equ 16+8*(29-7)
   268                                 currPar30 equ 16+8*(30-7)
   269                                 currPar31 equ 16+8*(31-7)
   270                                 currPar32 equ 16+8*(32-7)
   271                                 currPar33 equ 16+8*(33-7)
   272                                 currPar34 equ 16+8*(34-7)
   273                                 currPar35 equ 16+8*(35-7)
   274                                 currPar36 equ 16+8*(36-7)
   275                                 currPar37 equ 16+8*(37-7)
   276                                 currPar38 equ 16+8*(38-7)
   277                                 currPar39 equ 16+8*(39-7)
   278                                 currPar40 equ 16+8*(40-7)
   279                                 currPar41 equ 16+8*(41-7)
   280                                 currPar42 equ 16+8*(42-7)
   281                                 currPar43 equ 16+8*(43-7)
   282                                 currPar44 equ 16+8*(44-7)
   283                                 currPar45 equ 16+8*(45-7)
   284                                 currPar46 equ 16+8*(46-7)
   285                                 currPar47 equ 16+8*(47-7)
   286                                 currPar48 equ 16+8*(48-7)
   287                                 currPar49 equ 16+8*(49-7)
   288                                 currPar50 equ 16+8*(50-7)
   289                                 currPar51 equ 16+8*(51-7)
   290                                 currPar52 equ 16+8*(52-7)
   291                                 currPar53 equ 16+8*(53-7)
   292                                 currPar54 equ 16+8*(54-7)
   293                                 currPar55 equ 16+8*(55-7)
   294                                 currPar56 equ 16+8*(56-7)
   295                                 currPar57 equ 16+8*(57-7)
   296                                 currPar58 equ 16+8*(58-7)
   297                                 currPar59 equ 16+8*(59-7)
   298                                 currPar60 equ 16+8*(60-7)
   299                                 currPar61 equ 16+8*(61-7)
   300                                 currPar62 equ 16+8*(62-7)
   301                                 currPar63 equ 16+8*(63-7)
   302                                 currPar64 equ 16+8*(64-7)
   303                                 currPar65 equ 16+8*(65-7)
   304                                 currPar66 equ 16+8*(66-7)
   305                                 currPar67 equ 16+8*(67-7)
   306                                 currPar68 equ 16+8*(68-7)
   307                                 currPar69 equ 16+8*(69-7)
   308                                 currPar70 equ 16+8*(70-7)
   309                                 currPar71 equ 16+8*(71-7)
   310                                 currPar72 equ 16+8*(72-7)
   311                                 currPar73 equ 16+8*(73-7)
   312                                 currPar74 equ 16+8*(74-7)
   313                                 currPar75 equ 16+8*(75-7)
   314                                 currPar76 equ 16+8*(76-7)
   315                                 currPar77 equ 16+8*(77-7)
   316                                 currPar78 equ 16+8*(78-7)
   317                                 currPar79 equ 16+8*(79-7)
   318                                 currPar80 equ 16+8*(80-7)
   319                                 currPar81 equ 16+8*(81-7)
   320                                 currPar82 equ 16+8*(82-7)
   321                                 currPar83 equ 16+8*(83-7)
   322                                 currPar84 equ 16+8*(84-7)
   323                                 currPar85 equ 16+8*(85-7)
   324                                 currPar86 equ 16+8*(86-7)
   325                                 currPar87 equ 16+8*(87-7)
   326                                 currPar88 equ 16+8*(88-7)
   327                                 currPar89 equ 16+8*(89-7)
   328                                 currPar90 equ 16+8*(90-7)
   329                                 currPar91 equ 16+8*(91-7)
   330                                 currPar92 equ 16+8*(92-7)
   331                                 currPar93 equ 16+8*(93-7)
   332                                 currPar94 equ 16+8*(94-7)
   333                                 currPar95 equ 16+8*(95-7)
   334                                 currPar96 equ 16+8*(96-7)
   335                                 currPar97 equ 16+8*(97-7)
   336                                 currPar98 equ 16+8*(98-7)
   337                                 currPar99 equ 16+8*(99-7)
   338                                 currPar100 equ 16+8*(100-7)
   339                                 %line 553+1 /home/seyfarth/ebe/ebe.inc
   340                                 
   341                                 %line 555+1 /home/seyfarth/ebe/ebe.inc
   342                                 
   343                                 %line 562+1 /home/seyfarth/ebe/ebe.inc
   344                                 
   345                                 %line 569+1 /home/seyfarth/ebe/ebe.inc
   346                                 
   347                                 %line 577+1 /home/seyfarth/ebe/ebe.inc
   348                                 
   349                                 %line 588+1 /home/seyfarth/ebe/ebe.inc
   350                                 
   351                                 %line 593+1 /home/seyfarth/ebe/ebe.inc
   352                                 
   353                                 %line 17+1 /home/seyfarth/ebe/hal.inc
   354                                 
   355                                 %line 22+1 /home/seyfarth/ebe/hal.inc
   356                                 
   357                                 %line 27+1 /home/seyfarth/ebe/hal.inc
   358                                 
   359                                 %line 32+1 /home/seyfarth/ebe/hal.inc
   360                                 
   361                                 %line 37+1 /home/seyfarth/ebe/hal.inc
   362                                 
   363                                 %line 41+1 /home/seyfarth/ebe/hal.inc
   364                                 
   365                                 %line 45+1 /home/seyfarth/ebe/hal.inc
   366                                 
   367                                 %line 49+1 /home/seyfarth/ebe/hal.inc
   368                                 
   369                                 
   370                                 %line 57+1 /home/seyfarth/ebe/hal.inc
   371                                 
   372                                 
   373                                 %line 64+1 /home/seyfarth/ebe/hal.inc
   374                                 
   375                                 
   376                                 %line 71+1 /home/seyfarth/ebe/hal.inc
   377                                 
   378                                 
   379                                 %line 78+1 /home/seyfarth/ebe/hal.inc
   380                                 
   381                                 
   382                                 %line 85+1 /home/seyfarth/ebe/hal.inc
   383                                 
   384                                 %line 92+1 /home/seyfarth/ebe/hal.inc
   385                                 
   386                                 %line 98+1 /home/seyfarth/ebe/hal.inc
   387                                 
   388                                 %line 104+1 /home/seyfarth/ebe/hal.inc
   389                                 
   390                                 
   391                                 %line 152+1 /home/seyfarth/ebe/hal.inc
   392                                 
   393                                 %line 158+1 /home/seyfarth/ebe/hal.inc
   394                                 
   395                                 %line 165+1 /home/seyfarth/ebe/hal.inc
   396                                 
   397                                 %line 172+1 /home/seyfarth/ebe/hal.inc
   398                                 
   399                                 %line 178+1 /home/seyfarth/ebe/hal.inc
   400                                 
   401                                 %line 184+1 /home/seyfarth/ebe/hal.inc
   402                                 
   403                                 %line 1+1 /home/seyfarth/ebe/wc.hal
   404                                 [segment .data]
   405 00000000 6C696E657320256C64-    wc_print: db "lines %ld, words %ld, chars %ld",0x0a,0
   406 00000000 2C20776F7264732025-
   407 00000000 6C642C206368617273-
   408 00000000 20256C640A00       
   409 00000021 7200                   read_mode: db "r",0
   410 00000023 25733A2000             file_print: db "%s: ",0
   411 00000028 6E6F20737563682066-    no_file: db "no such file",0x0a,0
   412 00000028 696C650A00         
   413                                 
   414                                 [segment .bss]
   415 00000000 <gap>                  s resb 1024
   416                                 
   417                                 [segment .text]
   418                                 [global main]
   419                                 [global wc_file]
   420                                 [extern fopen]
   421                                 %line 13+0 /home/seyfarth/ebe/wc.hal
   422                                 [extern fclose]
   423                                 [extern printf]
   424                                 [extern fgets]
   425                                 %line 14+1 /home/seyfarth/ebe/wc.hal
   426                                 
   427                                 newline: equ 0x0a
   428                                 tab: equ 0x08
   429                                 space: equ ' '
   430                                 
   431                                 
   432                                 
   433                                 
   434                                 
   435                                 wc_file:
   436                                 .size: equ 1024
   437                                 .fp equ local1
   438                                 .in_word equ local2
   439                                 .sav1 equ local3
   440                                 .sav2 equ local4
   441                                 .sav3 equ local5
   442 00000000 55                      push rbp
   443 00000001 4889E5                  mov rbp, rsp
   444                                 
   445 00000004 4883EC40                sub rsp, 64
   446 00000008 4C8965E8                mov [rbp+.sav1], r12
   447 0000000C 4C896DE0                mov [rbp+.sav2], r13
   448 00000010 4C8975D8                mov [rbp+.sav3], r14
   449 00000014 48897DF8                mov [rbp+.fp], rdi
   450 00000018 4531E4                  xor r12d, r12d
   451 0000001B 4531F6                  xor r14d, r14d
   452 0000001E 4531ED                  xor r13d, r13d
   453                                 .read_line:
   454 00000021 488D3C25[00000000]      lea rdi, [s]
   455 00000029 48C7C600040000          mov rsi, .size
   456 00000030 488B55F8                mov rdx, [rbp+.fp]
   457 00000034 E8(F6FFFFFF)            call fgets
   458 00000039 4883F800                cmp rax, 0
   459 0000003D 743D                    je .done
   460 0000003F 4D31D2                  xor r10, r10
   461 00000042 4C8D1C25[00000000]      lea r11, [s]
   462                                 .get_char:
   463 0000004A 418A03                  mov al, [r11]
   464 0000004D 49FFC3                  inc r11
   465 00000050 3C00                    cmp al, 0
   466 00000052 7506                    jne .test_tab
   467 00000054 4501D6                  add r14d, r10d
   468 00000057 4531D2                  xor r10d, r10d
   469 0000005A EBC3                    jmp .read_line
   470                                 .test_tab:
   471 0000005C 41FFC4                  inc r12d
   472 0000005F 3C08                    cmp al, tab
   473 00000061 7411                    je .tab_or_space
   474 00000063 3C20                    cmp al, space
   475 00000065 740D                    je .tab_or_space
   476 00000067 3C0A                    cmp al, newline
   477 00000069 7406                    je .new_line
   478 0000006B 41BA01000000            mov r10d, 1
   479 00000071 EBD5                    jmp .get_char
   480                                 .new_line:
   481 00000073 49FFC5                  inc r13
   482                                 .tab_or_space:
   483 00000076 4501D6                  add r14d, r10d
   484 00000079 4531D2                  xor r10d, r10d
   485 0000007C EBCA                    jmp .get_char
   486                                 
   487                                 .done:
   488 0000007E 48C7C7[00000000]        mov rdi, wc_print
   489 00000085 4C89EE                  mov rsi, r13
   490 00000088 4C89F2                  mov rdx, r14
   491 0000008B 4C89E1                  mov rcx, r12
   492 0000008E 31C0                    xor eax, eax
   493 00000090 E8(F6FFFFFF)            call printf
   494 00000095 4C8B65E8                mov r12, [rbp+.sav1]
   495 00000099 4C8B6DE0                mov r13, [rbp+.sav2]
   496 0000009D 4C8B75D8                mov r14, [rbp+.sav3]
   497                                 
   498 000000A1 C9                      leave
   499 000000A2 C3                      ret
   500                                 main:
   501                                 
   502                                 
   503                                 
   504                                 
   505                                 
   506                                 
   507                                 .argc: equ local1
   508                                 .argv: equ local2
   509                                 .fp: equ local3
   510                                 .name equ local4
   511 000000A3 55                      push rbp
   512 000000A4 4889E5                  mov rbp, rsp
   513                                 
   514 000000A7 4883EC20                sub rsp, 32
   515 000000AB 48897DF8                mov [rbp+.argc], rdi
   516 000000AF 4883C608                add rsi, 8
   517 000000B3 488975F0                mov [rbp+.argv], rsi
   518                                 
   519 000000B7 83FF01                  cmp edi, 1
   520 000000BA 7500                    jne .file_loop
   521                                 
   522                                 
   523 000000BC EB67                    jmp .end
   524                                 
   525                                 .file_loop:
   526 000000BE 488B75F0                mov rsi, [rbp+.argv]
   527 000000C2 488B36                  mov rsi, [rsi]
   528 000000C5 4883FE00                cmp rsi, 0
   529 000000C9 745A                    je .end
   530 000000CB 48C7C7[00000000]        mov rdi, file_print
   531 000000D2 488975E0                mov [rbp+.name], rsi
   532 000000D6 31C0                    xor eax, eax
   533 000000D8 E8(F6FFFFFF)            call printf
   534                                 
   535 000000DD 488B7DE0                mov rdi, [rbp+.name]
   536 000000E1 488D3425[00000000]      lea rsi, [read_mode]
   537 000000E9 E8(F6FFFFFF)            call fopen
   538 000000EE 4883F800                cmp rax, 0
   539 000000F2 750E                    jne .opened
   540 000000F4 48C7C7[00000000]        mov rdi, no_file
   541 000000FB 31C0                    xor eax, eax
   542 000000FD E8(F6FFFFFF)            call printf
   543 00000102 EB13                    jmp .skip_close
   544                                 .opened:
   545 00000104 488945E8                mov [rbp+.fp], rax
   546 00000108 4889C7                  mov rdi, rax
   547 0000010B E8EBFEFFFF              call wc_file
   548 00000110 488B7DE8                mov rdi, [rbp+.fp]
   549 00000114 E8(F6FFFFFF)            call fclose
   550                                 
   551                                 .skip_close:
   552 00000119 488B55F0                mov rdx, [rbp+.argv]
   553 0000011D 4883C208                add rdx, 8
   554 00000121 488955F0                mov [rbp+.argv], rdx
   555 00000125 EB95                    jmp .file_loop
   556                                 
   557                                 .end:
   558 00000127 31C0                    xor eax, eax
   559 00000129 C9                      leave
   560 0000012A C3                      ret
