GAS LISTING /home/seyfarth/ebe/32/fastbitfields.asm 			page 1


 206              	.list
   1              	#
   2              	#       Program to test bit field extraction and insertion
   3              	#
   4              	        .section .text
   5              	        .global  main
   6              	main:
   7 0000 55       	        push    %ebp
   8 0001 89E5     	        mov     %esp, %ebp
   9              	        frame   2, 2
   9              	>  .equ frame_size,2*4
  10 0003 83EC08   	        sub     $frame_size, %esp
  11              	
  12 0006 68300000 	        push    $prompt
  12      00
  13 000b E8FCFFFF 	        call    printf
  13      FF
  14 0010 83C404   	        add     $4, %esp
  15              	
  16 0013 68180000 	        push    $count
  16      00
  17 0018 68140000 	        push    $to
  17      00
  18 001d 68100000 	        push    $from
  18      00
  19 0022 684B0000 	        push    $read_fmt
  19      00
  20 0027 E8FCFFFF 	        call    scanf
  20      FF
  21 002c 83C410   	        add     $16, %esp
  22              	
  23 002f FF351800 	        push    count
  23      0000
  24 0035 FF351000 	        push    from
  24      0000
  25 003b 681C0000 	        push    $array
  25      00
  26 0040 E8240000 	        call    extract
  26      00
  27 0045 83C40C   	        add     $12, %esp
  28              	        
  29 0048 FF351800 	        push    count
  29      0000
  30 004e FF351400 	        push    to
  30      0000
  31 0054 681C0000 	        push    $array
  31      00
  32 0059 50       	        push    %eax
  33 005a E8650000 	        call    insert
  33      00
  34 005f 83C40C   	        add     $12, %esp
  35              	        
  36 0062 A32C0000 	        mov     %eax, field
  36      00
  37 0067 C9       	        leave
  38 0068 C3       	        ret
  39              	        .section .data
GAS LISTING /home/seyfarth/ebe/32/fastbitfields.asm 			page 2


  40              	        .align   16
  41              	shift_amount:
  42 0000 00000000 	        .int    0, 0, 0, 0
  42      00000000 
  42      00000000 
  42      00000000 
  43              	        
  44              	        .section .text
  45              	extract:
  46 0069 55       	        push    %ebp
  47 006a 89E5     	        mov     %esp, %ebp
  48              	        frame   3, 1
  48              	>  .equ frame_size,1*4
  49 006c 83EC04   	        sub     $frame_size, %esp
  50              	        
  51 006f 8B4D0C   	        mov     currPar2(%ebp), %ecx   # get from bit position
  52 0072 89CA     	        mov     %ecx, %edx
  53 0074 83E21F   	        and     $0x1f, %edx
  54 0077 8955FC   	        mov     %edx, local1(%ebp)
  55 007a C1E905   	        shr     $5, %ecx               # dword number from the array
  56 007d 8B4508   	        mov     currPar1(%ebp), %eax   # get array address
  57 0080 F30F7E04 	        movq    (%eax,%ecx,4), %xmm0   # get 64 bits containing the field
  57      88
  58 0085 B9400000 	        mov     $64, %ecx
  58      00
  59 008a 8B5510   	        mov     currPar3(%ebp), %edx   # get count
  60 008d 29D1     	        sub     %edx, %ecx
  61 008f 2B4DFC   	        sub     local1(%ebp), %ecx     # add start bit position in dword
  62 0092 890D0000 	        mov     %ecx, shift_amount
  62      0000
  63 0098 660F7EC0 	        movd    %xmm0, %eax
  64 009c 660FF305 	        psllq   shift_amount, %xmm0    # clear out high order bits
  64      00000000 
  65 00a4 660F7EC0 	        movd    %xmm0, %eax
  66 00a8 B9400000 	        mov     $64, %ecx
  66      00
  67 00ad 2B4D10   	        sub     currPar3(%ebp), %ecx
  68 00b0 890D0000 	        mov     %ecx, shift_amount
  68      0000
  69 00b6 660FD305 	        psrlq   shift_amount, %xmm0    # flush low order bits
  69      00000000 
  70 00be 660F7EC0 	        movd    %xmm0, %eax
  71              	        
  72 00c2 C9       	        leave
  73 00c3 C3       	        ret
  74              	        
  75              	insert:
  76              	        .equ    .count, currPar4
  77              	        .equ    .to,    currPar3
  78              	        .equ    .array, currPar2
  79              	        .equ    .field, currPar1
  80 00c4 55       	        push    %ebp
  81 00c5 89E5     	        mov     %esp, %ebp
  82              	        frame   4, 2
  82              	>  .equ frame_size,2*4
  83 00c7 83EC08   	        sub     $frame_size, %esp
  84              	
GAS LISTING /home/seyfarth/ebe/32/fastbitfields.asm 			page 3


  85 00ca C9       	        leave
  86 00cb C3       	        ret
  87              	
  88              	        .section .data
  89 0010 00000000 	from:   .int    0
  90 0014 00000000 	to:     .int    0
  91 0018 00000000 	count:  .int    0
  92 001c 78563412 	array:  .int    0x12345678, 0x54321789, 0x321fedcb, 0xdeadbeef
  92      89173254 
  92      CBED1F32 
  92      EFBEADDE 
  93 002c 00000000 	field:  .int    0
  94 0030 456E7465 	prompt: .asciz  "Enter from, to and count: "
  94      72206672 
  94      6F6D2C20 
  94      746F2061 
  94      6E642063 
  95              	read_fmt:
  96 004b 25642025 	        .asciz  "%d %d %d"
  96      64202564 
  96      00
GAS LISTING /home/seyfarth/ebe/32/fastbitfields.asm 			page 4


DEFINED SYMBOLS
/home/seyfarth/ebe/32/ebe_as_32.inc:6      *ABS*:fffffffffffffffc local1
/home/seyfarth/ebe/32/ebe_as_32.inc:7      *ABS*:fffffffffffffff8 local2
/home/seyfarth/ebe/32/ebe_as_32.inc:8      *ABS*:fffffffffffffff4 local3
/home/seyfarth/ebe/32/ebe_as_32.inc:9      *ABS*:fffffffffffffff0 local4
/home/seyfarth/ebe/32/ebe_as_32.inc:10     *ABS*:ffffffffffffffec local5
/home/seyfarth/ebe/32/ebe_as_32.inc:11     *ABS*:ffffffffffffffe8 local6
/home/seyfarth/ebe/32/ebe_as_32.inc:12     *ABS*:ffffffffffffffe4 local7
/home/seyfarth/ebe/32/ebe_as_32.inc:13     *ABS*:ffffffffffffffe0 local8
/home/seyfarth/ebe/32/ebe_as_32.inc:14     *ABS*:ffffffffffffffdc local9
/home/seyfarth/ebe/32/ebe_as_32.inc:15     *ABS*:ffffffffffffffd8 local10
/home/seyfarth/ebe/32/ebe_as_32.inc:16     *ABS*:ffffffffffffffd4 local11
/home/seyfarth/ebe/32/ebe_as_32.inc:17     *ABS*:ffffffffffffffd0 local12
/home/seyfarth/ebe/32/ebe_as_32.inc:18     *ABS*:ffffffffffffffcc local13
/home/seyfarth/ebe/32/ebe_as_32.inc:19     *ABS*:ffffffffffffffc8 local14
/home/seyfarth/ebe/32/ebe_as_32.inc:20     *ABS*:ffffffffffffffc4 local15
/home/seyfarth/ebe/32/ebe_as_32.inc:21     *ABS*:ffffffffffffffc0 local16
/home/seyfarth/ebe/32/ebe_as_32.inc:22     *ABS*:ffffffffffffffbc local17
/home/seyfarth/ebe/32/ebe_as_32.inc:23     *ABS*:ffffffffffffffb8 local18
/home/seyfarth/ebe/32/ebe_as_32.inc:24     *ABS*:ffffffffffffffb4 local19
/home/seyfarth/ebe/32/ebe_as_32.inc:25     *ABS*:ffffffffffffffb0 local20
/home/seyfarth/ebe/32/ebe_as_32.inc:26     *ABS*:ffffffffffffffac local21
/home/seyfarth/ebe/32/ebe_as_32.inc:27     *ABS*:ffffffffffffffa8 local22
/home/seyfarth/ebe/32/ebe_as_32.inc:28     *ABS*:ffffffffffffffa4 local23
/home/seyfarth/ebe/32/ebe_as_32.inc:29     *ABS*:ffffffffffffffa0 local24
/home/seyfarth/ebe/32/ebe_as_32.inc:30     *ABS*:ffffffffffffff9c local25
/home/seyfarth/ebe/32/ebe_as_32.inc:31     *ABS*:ffffffffffffff98 local26
/home/seyfarth/ebe/32/ebe_as_32.inc:32     *ABS*:ffffffffffffff94 local27
/home/seyfarth/ebe/32/ebe_as_32.inc:33     *ABS*:ffffffffffffff90 local28
/home/seyfarth/ebe/32/ebe_as_32.inc:34     *ABS*:ffffffffffffff8c local29
/home/seyfarth/ebe/32/ebe_as_32.inc:35     *ABS*:ffffffffffffff88 local30
/home/seyfarth/ebe/32/ebe_as_32.inc:36     *ABS*:ffffffffffffff84 local31
/home/seyfarth/ebe/32/ebe_as_32.inc:37     *ABS*:ffffffffffffff80 local32
/home/seyfarth/ebe/32/ebe_as_32.inc:38     *ABS*:ffffffffffffff7c local33
/home/seyfarth/ebe/32/ebe_as_32.inc:39     *ABS*:ffffffffffffff78 local34
/home/seyfarth/ebe/32/ebe_as_32.inc:40     *ABS*:ffffffffffffff74 local35
/home/seyfarth/ebe/32/ebe_as_32.inc:41     *ABS*:ffffffffffffff70 local36
/home/seyfarth/ebe/32/ebe_as_32.inc:42     *ABS*:ffffffffffffff6c local37
/home/seyfarth/ebe/32/ebe_as_32.inc:43     *ABS*:ffffffffffffff68 local38
/home/seyfarth/ebe/32/ebe_as_32.inc:44     *ABS*:ffffffffffffff64 local39
/home/seyfarth/ebe/32/ebe_as_32.inc:45     *ABS*:ffffffffffffff60 local40
/home/seyfarth/ebe/32/ebe_as_32.inc:46     *ABS*:ffffffffffffff5c local41
/home/seyfarth/ebe/32/ebe_as_32.inc:47     *ABS*:ffffffffffffff58 local42
/home/seyfarth/ebe/32/ebe_as_32.inc:48     *ABS*:ffffffffffffff54 local43
/home/seyfarth/ebe/32/ebe_as_32.inc:49     *ABS*:ffffffffffffff50 local44
/home/seyfarth/ebe/32/ebe_as_32.inc:50     *ABS*:ffffffffffffff4c local45
/home/seyfarth/ebe/32/ebe_as_32.inc:51     *ABS*:ffffffffffffff48 local46
/home/seyfarth/ebe/32/ebe_as_32.inc:52     *ABS*:ffffffffffffff44 local47
/home/seyfarth/ebe/32/ebe_as_32.inc:53     *ABS*:ffffffffffffff40 local48
/home/seyfarth/ebe/32/ebe_as_32.inc:54     *ABS*:ffffffffffffff3c local49
/home/seyfarth/ebe/32/ebe_as_32.inc:55     *ABS*:ffffffffffffff38 local50
/home/seyfarth/ebe/32/ebe_as_32.inc:56     *ABS*:ffffffffffffff34 local51
/home/seyfarth/ebe/32/ebe_as_32.inc:57     *ABS*:ffffffffffffff30 local52
/home/seyfarth/ebe/32/ebe_as_32.inc:58     *ABS*:ffffffffffffff2c local53
/home/seyfarth/ebe/32/ebe_as_32.inc:59     *ABS*:ffffffffffffff28 local54
/home/seyfarth/ebe/32/ebe_as_32.inc:60     *ABS*:ffffffffffffff24 local55
/home/seyfarth/ebe/32/ebe_as_32.inc:61     *ABS*:ffffffffffffff20 local56
GAS LISTING /home/seyfarth/ebe/32/fastbitfields.asm 			page 5


/home/seyfarth/ebe/32/ebe_as_32.inc:62     *ABS*:ffffffffffffff1c local57
/home/seyfarth/ebe/32/ebe_as_32.inc:63     *ABS*:ffffffffffffff18 local58
/home/seyfarth/ebe/32/ebe_as_32.inc:64     *ABS*:ffffffffffffff14 local59
/home/seyfarth/ebe/32/ebe_as_32.inc:65     *ABS*:ffffffffffffff10 local60
/home/seyfarth/ebe/32/ebe_as_32.inc:66     *ABS*:ffffffffffffff0c local61
/home/seyfarth/ebe/32/ebe_as_32.inc:67     *ABS*:ffffffffffffff08 local62
/home/seyfarth/ebe/32/ebe_as_32.inc:68     *ABS*:ffffffffffffff04 local63
/home/seyfarth/ebe/32/ebe_as_32.inc:69     *ABS*:ffffffffffffff00 local64
/home/seyfarth/ebe/32/ebe_as_32.inc:70     *ABS*:fffffffffffffefc local65
/home/seyfarth/ebe/32/ebe_as_32.inc:71     *ABS*:fffffffffffffef8 local66
/home/seyfarth/ebe/32/ebe_as_32.inc:72     *ABS*:fffffffffffffef4 local67
/home/seyfarth/ebe/32/ebe_as_32.inc:73     *ABS*:fffffffffffffef0 local68
/home/seyfarth/ebe/32/ebe_as_32.inc:74     *ABS*:fffffffffffffeec local69
/home/seyfarth/ebe/32/ebe_as_32.inc:75     *ABS*:fffffffffffffee8 local70
/home/seyfarth/ebe/32/ebe_as_32.inc:76     *ABS*:fffffffffffffee4 local71
/home/seyfarth/ebe/32/ebe_as_32.inc:77     *ABS*:fffffffffffffee0 local72
/home/seyfarth/ebe/32/ebe_as_32.inc:78     *ABS*:fffffffffffffedc local73
/home/seyfarth/ebe/32/ebe_as_32.inc:79     *ABS*:fffffffffffffed8 local74
/home/seyfarth/ebe/32/ebe_as_32.inc:80     *ABS*:fffffffffffffed4 local75
/home/seyfarth/ebe/32/ebe_as_32.inc:81     *ABS*:fffffffffffffed0 local76
/home/seyfarth/ebe/32/ebe_as_32.inc:82     *ABS*:fffffffffffffecc local77
/home/seyfarth/ebe/32/ebe_as_32.inc:83     *ABS*:fffffffffffffec8 local78
/home/seyfarth/ebe/32/ebe_as_32.inc:84     *ABS*:fffffffffffffec4 local79
/home/seyfarth/ebe/32/ebe_as_32.inc:85     *ABS*:fffffffffffffec0 local80
/home/seyfarth/ebe/32/ebe_as_32.inc:86     *ABS*:fffffffffffffebc local81
/home/seyfarth/ebe/32/ebe_as_32.inc:87     *ABS*:fffffffffffffeb8 local82
/home/seyfarth/ebe/32/ebe_as_32.inc:88     *ABS*:fffffffffffffeb4 local83
/home/seyfarth/ebe/32/ebe_as_32.inc:89     *ABS*:fffffffffffffeb0 local84
/home/seyfarth/ebe/32/ebe_as_32.inc:90     *ABS*:fffffffffffffeac local85
/home/seyfarth/ebe/32/ebe_as_32.inc:91     *ABS*:fffffffffffffea8 local86
/home/seyfarth/ebe/32/ebe_as_32.inc:92     *ABS*:fffffffffffffea4 local87
/home/seyfarth/ebe/32/ebe_as_32.inc:93     *ABS*:fffffffffffffea0 local88
/home/seyfarth/ebe/32/ebe_as_32.inc:94     *ABS*:fffffffffffffe9c local89
/home/seyfarth/ebe/32/ebe_as_32.inc:95     *ABS*:fffffffffffffe98 local90
/home/seyfarth/ebe/32/ebe_as_32.inc:96     *ABS*:fffffffffffffe94 local91
/home/seyfarth/ebe/32/ebe_as_32.inc:97     *ABS*:fffffffffffffe90 local92
/home/seyfarth/ebe/32/ebe_as_32.inc:98     *ABS*:fffffffffffffe8c local93
/home/seyfarth/ebe/32/ebe_as_32.inc:99     *ABS*:fffffffffffffe88 local94
/home/seyfarth/ebe/32/ebe_as_32.inc:100    *ABS*:fffffffffffffe84 local95
/home/seyfarth/ebe/32/ebe_as_32.inc:101    *ABS*:fffffffffffffe80 local96
/home/seyfarth/ebe/32/ebe_as_32.inc:102    *ABS*:fffffffffffffe7c local97
/home/seyfarth/ebe/32/ebe_as_32.inc:103    *ABS*:fffffffffffffe78 local98
/home/seyfarth/ebe/32/ebe_as_32.inc:104    *ABS*:fffffffffffffe74 local99
/home/seyfarth/ebe/32/ebe_as_32.inc:105    *ABS*:fffffffffffffe70 local100
/home/seyfarth/ebe/32/ebe_as_32.inc:106    *ABS*:0000000000000008 currPar1
/home/seyfarth/ebe/32/ebe_as_32.inc:107    *ABS*:000000000000000c currPar2
/home/seyfarth/ebe/32/ebe_as_32.inc:108    *ABS*:0000000000000010 currPar3
/home/seyfarth/ebe/32/ebe_as_32.inc:109    *ABS*:0000000000000014 currPar4
/home/seyfarth/ebe/32/ebe_as_32.inc:110    *ABS*:0000000000000018 currPar5
/home/seyfarth/ebe/32/ebe_as_32.inc:111    *ABS*:000000000000001c currPar6
/home/seyfarth/ebe/32/ebe_as_32.inc:112    *ABS*:0000000000000020 currPar7
/home/seyfarth/ebe/32/ebe_as_32.inc:113    *ABS*:0000000000000024 currPar8
/home/seyfarth/ebe/32/ebe_as_32.inc:114    *ABS*:0000000000000028 currPar9
/home/seyfarth/ebe/32/ebe_as_32.inc:115    *ABS*:000000000000002c currPar10
/home/seyfarth/ebe/32/ebe_as_32.inc:116    *ABS*:0000000000000030 currPar11
/home/seyfarth/ebe/32/ebe_as_32.inc:117    *ABS*:0000000000000034 currPar12
/home/seyfarth/ebe/32/ebe_as_32.inc:118    *ABS*:0000000000000038 currPar13
GAS LISTING /home/seyfarth/ebe/32/fastbitfields.asm 			page 6


/home/seyfarth/ebe/32/ebe_as_32.inc:119    *ABS*:000000000000003c currPar14
/home/seyfarth/ebe/32/ebe_as_32.inc:120    *ABS*:0000000000000040 currPar15
/home/seyfarth/ebe/32/ebe_as_32.inc:121    *ABS*:0000000000000044 currPar16
/home/seyfarth/ebe/32/ebe_as_32.inc:122    *ABS*:0000000000000048 currPar17
/home/seyfarth/ebe/32/ebe_as_32.inc:123    *ABS*:000000000000004c currPar18
/home/seyfarth/ebe/32/ebe_as_32.inc:124    *ABS*:0000000000000050 currPar19
/home/seyfarth/ebe/32/ebe_as_32.inc:125    *ABS*:0000000000000054 currPar20
/home/seyfarth/ebe/32/ebe_as_32.inc:126    *ABS*:0000000000000058 currPar21
/home/seyfarth/ebe/32/ebe_as_32.inc:127    *ABS*:000000000000005c currPar22
/home/seyfarth/ebe/32/ebe_as_32.inc:128    *ABS*:0000000000000060 currPar23
/home/seyfarth/ebe/32/ebe_as_32.inc:129    *ABS*:0000000000000064 currPar24
/home/seyfarth/ebe/32/ebe_as_32.inc:130    *ABS*:0000000000000068 currPar25
/home/seyfarth/ebe/32/ebe_as_32.inc:131    *ABS*:000000000000006c currPar26
/home/seyfarth/ebe/32/ebe_as_32.inc:132    *ABS*:0000000000000070 currPar27
/home/seyfarth/ebe/32/ebe_as_32.inc:133    *ABS*:0000000000000074 currPar28
/home/seyfarth/ebe/32/ebe_as_32.inc:134    *ABS*:0000000000000078 currPar29
/home/seyfarth/ebe/32/ebe_as_32.inc:135    *ABS*:000000000000007c currPar30
/home/seyfarth/ebe/32/ebe_as_32.inc:136    *ABS*:0000000000000080 currPar31
/home/seyfarth/ebe/32/ebe_as_32.inc:137    *ABS*:0000000000000084 currPar32
/home/seyfarth/ebe/32/ebe_as_32.inc:138    *ABS*:0000000000000088 currPar33
/home/seyfarth/ebe/32/ebe_as_32.inc:139    *ABS*:000000000000008c currPar34
/home/seyfarth/ebe/32/ebe_as_32.inc:140    *ABS*:0000000000000090 currPar35
/home/seyfarth/ebe/32/ebe_as_32.inc:141    *ABS*:0000000000000094 currPar36
/home/seyfarth/ebe/32/ebe_as_32.inc:142    *ABS*:0000000000000098 currPar37
/home/seyfarth/ebe/32/ebe_as_32.inc:143    *ABS*:000000000000009c currPar38
/home/seyfarth/ebe/32/ebe_as_32.inc:144    *ABS*:00000000000000a0 currPar39
/home/seyfarth/ebe/32/ebe_as_32.inc:145    *ABS*:00000000000000a4 currPar40
/home/seyfarth/ebe/32/ebe_as_32.inc:146    *ABS*:00000000000000a8 currPar41
/home/seyfarth/ebe/32/ebe_as_32.inc:147    *ABS*:00000000000000ac currPar42
/home/seyfarth/ebe/32/ebe_as_32.inc:148    *ABS*:00000000000000b0 currPar43
/home/seyfarth/ebe/32/ebe_as_32.inc:149    *ABS*:00000000000000b4 currPar44
/home/seyfarth/ebe/32/ebe_as_32.inc:150    *ABS*:00000000000000b8 currPar45
/home/seyfarth/ebe/32/ebe_as_32.inc:151    *ABS*:00000000000000bc currPar46
/home/seyfarth/ebe/32/ebe_as_32.inc:152    *ABS*:00000000000000c0 currPar47
/home/seyfarth/ebe/32/ebe_as_32.inc:153    *ABS*:00000000000000c4 currPar48
/home/seyfarth/ebe/32/ebe_as_32.inc:154    *ABS*:00000000000000c8 currPar49
/home/seyfarth/ebe/32/ebe_as_32.inc:155    *ABS*:00000000000000cc currPar50
/home/seyfarth/ebe/32/ebe_as_32.inc:156    *ABS*:00000000000000d0 currPar51
/home/seyfarth/ebe/32/ebe_as_32.inc:157    *ABS*:00000000000000d4 currPar52
/home/seyfarth/ebe/32/ebe_as_32.inc:158    *ABS*:00000000000000d8 currPar53
/home/seyfarth/ebe/32/ebe_as_32.inc:159    *ABS*:00000000000000dc currPar54
/home/seyfarth/ebe/32/ebe_as_32.inc:160    *ABS*:00000000000000e0 currPar55
/home/seyfarth/ebe/32/ebe_as_32.inc:161    *ABS*:00000000000000e4 currPar56
/home/seyfarth/ebe/32/ebe_as_32.inc:162    *ABS*:00000000000000e8 currPar57
/home/seyfarth/ebe/32/ebe_as_32.inc:163    *ABS*:00000000000000ec currPar58
/home/seyfarth/ebe/32/ebe_as_32.inc:164    *ABS*:00000000000000f0 currPar59
/home/seyfarth/ebe/32/ebe_as_32.inc:165    *ABS*:00000000000000f4 currPar60
/home/seyfarth/ebe/32/ebe_as_32.inc:166    *ABS*:00000000000000f8 currPar61
/home/seyfarth/ebe/32/ebe_as_32.inc:167    *ABS*:00000000000000fc currPar62
/home/seyfarth/ebe/32/ebe_as_32.inc:168    *ABS*:0000000000000100 currPar63
/home/seyfarth/ebe/32/ebe_as_32.inc:169    *ABS*:0000000000000104 currPar64
/home/seyfarth/ebe/32/ebe_as_32.inc:170    *ABS*:0000000000000108 currPar65
/home/seyfarth/ebe/32/ebe_as_32.inc:171    *ABS*:000000000000010c currPar66
/home/seyfarth/ebe/32/ebe_as_32.inc:172    *ABS*:0000000000000110 currPar67
/home/seyfarth/ebe/32/ebe_as_32.inc:173    *ABS*:0000000000000114 currPar68
/home/seyfarth/ebe/32/ebe_as_32.inc:174    *ABS*:0000000000000118 currPar69
/home/seyfarth/ebe/32/ebe_as_32.inc:175    *ABS*:000000000000011c currPar70
GAS LISTING /home/seyfarth/ebe/32/fastbitfields.asm 			page 7


/home/seyfarth/ebe/32/ebe_as_32.inc:176    *ABS*:0000000000000120 currPar71
/home/seyfarth/ebe/32/ebe_as_32.inc:177    *ABS*:0000000000000124 currPar72
/home/seyfarth/ebe/32/ebe_as_32.inc:178    *ABS*:0000000000000128 currPar73
/home/seyfarth/ebe/32/ebe_as_32.inc:179    *ABS*:000000000000012c currPar74
/home/seyfarth/ebe/32/ebe_as_32.inc:180    *ABS*:0000000000000130 currPar75
/home/seyfarth/ebe/32/ebe_as_32.inc:181    *ABS*:0000000000000134 currPar76
/home/seyfarth/ebe/32/ebe_as_32.inc:182    *ABS*:0000000000000138 currPar77
/home/seyfarth/ebe/32/ebe_as_32.inc:183    *ABS*:000000000000013c currPar78
/home/seyfarth/ebe/32/ebe_as_32.inc:184    *ABS*:0000000000000140 currPar79
/home/seyfarth/ebe/32/ebe_as_32.inc:185    *ABS*:0000000000000144 currPar80
/home/seyfarth/ebe/32/ebe_as_32.inc:186    *ABS*:0000000000000148 currPar81
/home/seyfarth/ebe/32/ebe_as_32.inc:187    *ABS*:000000000000014c currPar82
/home/seyfarth/ebe/32/ebe_as_32.inc:188    *ABS*:0000000000000150 currPar83
/home/seyfarth/ebe/32/ebe_as_32.inc:189    *ABS*:0000000000000154 currPar84
/home/seyfarth/ebe/32/ebe_as_32.inc:190    *ABS*:0000000000000158 currPar85
/home/seyfarth/ebe/32/ebe_as_32.inc:191    *ABS*:000000000000015c currPar86
/home/seyfarth/ebe/32/ebe_as_32.inc:192    *ABS*:0000000000000160 currPar87
/home/seyfarth/ebe/32/ebe_as_32.inc:193    *ABS*:0000000000000164 currPar88
/home/seyfarth/ebe/32/ebe_as_32.inc:194    *ABS*:0000000000000168 currPar89
/home/seyfarth/ebe/32/ebe_as_32.inc:195    *ABS*:000000000000016c currPar90
/home/seyfarth/ebe/32/ebe_as_32.inc:196    *ABS*:0000000000000170 currPar91
/home/seyfarth/ebe/32/ebe_as_32.inc:197    *ABS*:0000000000000174 currPar92
/home/seyfarth/ebe/32/ebe_as_32.inc:198    *ABS*:0000000000000178 currPar93
/home/seyfarth/ebe/32/ebe_as_32.inc:199    *ABS*:000000000000017c currPar94
/home/seyfarth/ebe/32/ebe_as_32.inc:200    *ABS*:0000000000000180 currPar95
/home/seyfarth/ebe/32/ebe_as_32.inc:201    *ABS*:0000000000000184 currPar96
/home/seyfarth/ebe/32/ebe_as_32.inc:202    *ABS*:0000000000000188 currPar97
/home/seyfarth/ebe/32/ebe_as_32.inc:203    *ABS*:000000000000018c currPar98
/home/seyfarth/ebe/32/ebe_as_32.inc:204    *ABS*:0000000000000190 currPar99
/home/seyfarth/ebe/32/ebe_as_32.inc:205    *ABS*:0000000000000194 currPar100
/home/seyfarth/ebe/32/fastbitfields.asm:6      .text:0000000000000000 main
/home/seyfarth/ebe/32/fastbitfields.asm:9      *ABS*:0000000000000008 frame_size
/home/seyfarth/ebe/32/fastbitfields.asm:94     .data:0000000000000030 prompt
/home/seyfarth/ebe/32/fastbitfields.asm:91     .data:0000000000000018 count
/home/seyfarth/ebe/32/fastbitfields.asm:90     .data:0000000000000014 to
/home/seyfarth/ebe/32/fastbitfields.asm:89     .data:0000000000000010 from
/home/seyfarth/ebe/32/fastbitfields.asm:95     .data:000000000000004b read_fmt
/home/seyfarth/ebe/32/fastbitfields.asm:92     .data:000000000000001c array
/home/seyfarth/ebe/32/fastbitfields.asm:45     .text:0000000000000069 extract
/home/seyfarth/ebe/32/fastbitfields.asm:75     .text:00000000000000c4 insert
/home/seyfarth/ebe/32/fastbitfields.asm:93     .data:000000000000002c field
/home/seyfarth/ebe/32/fastbitfields.asm:41     .data:0000000000000000 shift_amount
/home/seyfarth/ebe/32/fastbitfields.asm:76     *ABS*:0000000000000014 .count
/home/seyfarth/ebe/32/fastbitfields.asm:77     *ABS*:0000000000000010 .to
/home/seyfarth/ebe/32/fastbitfields.asm:78     *ABS*:000000000000000c .array
/home/seyfarth/ebe/32/fastbitfields.asm:79     *ABS*:0000000000000008 .field

UNDEFINED SYMBOLS
printf
scanf
